[0mCompiling "target/cljsbuild/public/js/app.js" from ("src/cljs" "src/cljc" "env/dev/cljs")...
notifying browser that file changed:  target/cljsbuild/public/js/out/goog/deps.js
notifying browser that file changed:  target/cljsbuild/public/js/out/cljs_deps.js
notifying browser that file changed:  out/whatishistory/core.js
[32mSuccessfully compiled "target/cljsbuild/public/js/app.js" in 0.401 seconds.[0m
[0mCompiling "target/cljsbuild/public/js/app.js" from ("src/cljs" "src/cljc" "env/dev/cljs")...
[31mCompiling "target/cljsbuild/public/js/app.js" failed.
[0mERROR: Unmatched delimiter ] on file /Users/ethan/Sites/reagent-template/whatishistory/src/cljs/whatishistory/core.cljs, line 11, column 35
[32mSuccessfully compiled "target/cljsbuild/public/js/app.js" in 0.167 seconds.[0m
[0mCompiling "target/cljsbuild/public/js/app.js" from ("src/cljs" "src/cljc" "env/dev/cljs")...
notifying browser that file changed:  out/whatishistory/core.js
[32mSuccessfully compiled "target/cljsbuild/public/js/app.js" in 0.258 seconds.[0m
[0mCompiling "target/cljsbuild/public/js/app.js" from ("src/cljs" "src/cljc" "env/dev/cljs")...
notifying browser that file changed:  out/whatishistory/core.js
[32mSuccessfully compiled "target/cljsbuild/public/js/app.js" in 0.363 seconds.[0m
[0mCompiling "target/cljsbuild/public/js/app.js" from ("src/cljs" "src/cljc" "env/dev/cljs")...
WARNING: Use of undeclared Var whatishistory.core/footer at line 12 /Users/ethan/Sites/reagent-template/whatishistory/src/cljs/whatishistory/core.cljs
notifying browser that file changed:  out/whatishistory/core.js
[32mSuccessfully compiled "target/cljsbuild/public/js/app.js" in 0.233 seconds.[0m
[0mCompiling "target/cljsbuild/public/js/app.js" from ("src/cljs" "src/cljc" "env/dev/cljs")...
notifying browser that file changed:  out/whatishistory/core.js
[32mSuccessfully compiled "target/cljsbuild/public/js/app.js" in 0.197 seconds.[0m
[0mCompiling "target/cljsbuild/public/js/app.js" from ("src/cljs" "src/cljc" "env/dev/cljs")...
notifying browser that file changed:  out/whatishistory/core.js
[32mSuccessfully compiled "target/cljsbuild/public/js/app.js" in 0.268 seconds.[0m
[0mCompiling "target/cljsbuild/public/js/app.js" from ("src/cljs" "src/cljc" "env/dev/cljs")...
[31mCompiling "target/cljsbuild/public/js/app.js" failed.
[0mERROR: Unmatched delimiter ) on file /Users/ethan/Sites/reagent-template/whatishistory/src/cljs/whatishistory/core.cljs, line 11, column 54
[32mSuccessfully compiled "target/cljsbuild/public/js/app.js" in 0.165 seconds.[0m
[0mCompiling "target/cljsbuild/public/js/app.js" from ("src/cljs" "src/cljc" "env/dev/cljs")...
notifying browser that file changed:  out/whatishistory/core.js
[32mSuccessfully compiled "target/cljsbuild/public/js/app.js" in 0.277 seconds.[0m
[0mCompiling "target/cljsbuild/public/js/app.js" from ("src/cljs" "src/cljc" "env/dev/cljs")...
notifying browser that file changed:  out/whatishistory/core.js
[32mSuccessfully compiled "target/cljsbuild/public/js/app.js" in 0.257 seconds.[0m
[0mCompiling "target/cljsbuild/public/js/app.js" from ("src/cljs" "src/cljc" "env/dev/cljs")...
notifying browser that file changed:  out/whatishistory/core.js
[32mSuccessfully compiled "target/cljsbuild/public/js/app.js" in 0.315 seconds.[0m
[0mCompiling "target/cljsbuild/public/js/app.js" from ("src/cljs" "src/cljc" "env/dev/cljs")...
notifying browser that file changed:  out/whatishistory/core.js
[32mSuccessfully compiled "target/cljsbuild/public/js/app.js" in 0.296 seconds.[0m
[0mCompiling "target/cljsbuild/public/js/app.js" from ("src/cljs" "src/cljc" "env/dev/cljs")...
notifying browser that file changed:  out/whatishistory/core.js
[32mSuccessfully compiled "target/cljsbuild/public/js/app.js" in 0.302 seconds.[0m
[0mCompiling "target/cljsbuild/public/js/app.js" from ("src/cljs" "src/cljc" "env/dev/cljs")...
notifying browser that file changed:  out/whatishistory/core.js
[32mSuccessfully compiled "target/cljsbuild/public/js/app.js" in 0.217 seconds.[0m
[0mCompiling "target/cljsbuild/public/js/app.js" from ("src/cljs" "src/cljc" "env/dev/cljs")...
notifying browser that file changed:  out/whatishistory/core.js
[32mSuccessfully compiled "target/cljsbuild/public/js/app.js" in 0.278 seconds.[0m
[0mCompiling "target/cljsbuild/public/js/app.js" from ("src/cljs" "src/cljc" "env/dev/cljs")...
notifying browser that file changed:  out/whatishistory/core.js
[32mSuccessfully compiled "target/cljsbuild/public/js/app.js" in 0.269 seconds.[0m
[0mCompiling "target/cljsbuild/public/js/app.js" from ("src/cljs" "src/cljc" "env/dev/cljs")...
notifying browser that file changed:  out/whatishistory/core.js
[32mSuccessfully compiled "target/cljsbuild/public/js/app.js" in 0.207 seconds.[0m
[0mCompiling "target/cljsbuild/public/js/app.js" from ("src/cljs" "src/cljc" "env/dev/cljs")...
notifying browser that file changed:  out/whatishistory/core.js
[32mSuccessfully compiled "target/cljsbuild/public/js/app.js" in 0.251 seconds.[0m
[0mCompiling "target/cljsbuild/public/js/app.js" from ("src/cljs" "src/cljc" "env/dev/cljs")...
notifying browser that file changed:  out/whatishistory/core.js
[32mSuccessfully compiled "target/cljsbuild/public/js/app.js" in 0.22 seconds.[0m
sending changed CSS file: resources/public/css/site.css
